<?xml version="1.0" encoding="UTF-8"?>
<testsuite name="Connector.ConnectorTest" tests="2" skipped="0" failures="0" errors="0" timestamp="2023-01-30T20:11:39" hostname="DESKTOP-LIBKKAH" time="0.068">
  <properties/>
  <testcase name="ConnectorTestT01()" classname="Connector.ConnectorTest" time="0.044"/>
  <testcase name="ConnectorTestT02()" classname="Connector.ConnectorTest" time="0.023"/>
  <system-out><![CDATA[]]></system-out>
  <system-err><![CDATA[]]></system-err>
</testsuite>
